Logger started at: Saturday, January 25, 2014 9:09:51 PM EST
Component: com.appcelerator.titanium.ios.core
Version: 1.0.0.1387331057
[9:51.435] Sent: >21*1390702191434*version<
[9:51.435] Recv: >1390702191434*2*3.2.0.GA<
[9:51.437] Sent: >36*1390702191435*option*monitorXHR*true<
[9:51.438] Recv: >1390702191435<
[9:51.438] Sent: >45*1390702191436*option*stepFiltersEnabled*false<
[9:51.438] Recv: >1390702191436<
[9:51.438] Sent: >45*1390702191437*option*suspendOnFirstLine*false<
[9:51.439] Recv: >1390702191437<
[9:51.439] Sent: >46*1390702191438*option*suspendOnExceptions*false<
[9:51.439] Recv: >1390702191438<
[9:51.439] Sent: >41*1390702191439*option*suspendOnErrors*true<
[9:51.440] Recv: >1390702191439<
[9:51.440] Sent: >43*1390702191440*option*suspendOnKeywords*true<
[9:51.440] Recv: >1390702191440<
[9:51.440] Sent: >45*1390702191441*option*bypassConstructors*false<
[9:51.440] Recv: >1390702191441<
[9:51.441] Sent: >45*1390702191442*option*stepFiltersEnabled*false<
[9:51.441] Recv: >1390702191442<
[9:51.441] Sent: >30*1390702191443*detailFormatters<
[9:51.441] Recv: >1390702191443<
[9:51.442] Sent: >20*1390702191444*enable<
[9:51.442] Recv: >1390702191444<
[9:51.444] Recv: >threads*created*0*kroll$1<
[9:51.445] Recv: >log*out*[DEBUG] Analytics is enabled = YES<
[9:51.445] Recv: >log*out*[DEBUG] Loading: /Users/jketch/Library/Application Support/iPhone Simulator/7.0.3-64/Applications/82140FB5-136A-46AE-8C70-3FDC3FA2E0C1/test.app/app.js, Resource: app_js<
[9:51.446] Recv: >scripts*created*336648384|app:/app.js||1|46<
[9:51.446] Recv: >resumed*0*started<
[9:51.448] Recv: >log*out*[DEBUG] Loading: /Users/jketch/Library/Application Support/iPhone Simulator/7.0.3-64/Applications/82140FB5-136A-46AE-8C70-3FDC3FA2E0C1/test.app/_app_props_.json, Resource: _app_props__json<
[9:51.510] Recv: >log*out*[DEBUG] Application booted in 105.974972 ms<
[9:53.197] Recv: >log*out*[WARN] OPEN ABORTED. _handleOpen returned NO<
[9:53.197] Recv: >threads*created*1*kroll$2<
[9:53.198] Recv: >log*out*[DEBUG] Loading: /Users/jketch/Library/Application Support/iPhone Simulator/7.0.3-64/Applications/82140FB5-136A-46AE-8C70-3FDC3FA2E0C1/test.app/mainMenu.js, Resource: mainMenu_js<
[9:53.199] Recv: >scripts*created*336876256|app:/mainMenu.js||1|245<
[9:53.199] Recv: >resumed*1*started<
[9:53.208] Recv: >log*out*[WARN] Hex color passed looks invalid: <
[9:54.186] Recv: >log*out*[WARN] OPEN ABORTED. _handleOpen returned NO<
[9:54.186] Recv: >threads*created*2*kroll$3<
[9:54.187] Recv: >log*out*[DEBUG] Loading: /Users/jketch/Library/Application Support/iPhone Simulator/7.0.3-64/Applications/82140FB5-136A-46AE-8C70-3FDC3FA2E0C1/test.app/avenger_movie_info.js, Resource: avenger_movie_info_js<
[9:54.187] Recv: >log*out*[ERROR] Script Error {
    line = 313;
    message = "Parse error";
    name = SyntaxError;
    sourceId = 336877504;
    sourceURL = "file:///Users/jketch/Library/Application%20Support/iPhone%20Simulator/7.0.3-64/Applications/82140FB5-136A-46AE-8C70-3FDC3FA2E0C1/test.app/avenger_movie_info.js";
}<
[9:54.187] Recv: >log*out*[INFO] Could not boot context. Context has evaluation error<
----------End of file----------
